Let's start!
the redshift of snapshot 0 is 16.871228971374325
the length of subid is 3
time spent : 0.0012192686398824057 minutes
the redshift of snapshot 1 is 16.317981890648035
the length of subid is 13
time spent : 0.0017070770263671875 minutes
the redshift of snapshot 2 is 15.742101534793463
the length of subid is 33
time spent : 0.0017692367235819498 minutes
the redshift of snapshot 8 is 12.918753011269796
the length of subid is 4837
time spent : 0.0017618854840596517 minutes
the redshift of snapshot 6 is 13.820114311810899
the length of subid is 1109
time spent : 0.0018533905347188314 minutes
the redshift of snapshot 3 is 15.255606111106804
the length of subid is 82
time spent : 0.002710282802581787 minutes
the redshift of snapshot 9 is 12.507975295143488
the length of subid is 9058
time spent : 0.0033965150515238443 minutes
the redshift of snapshot 7 is 13.355299352417655
the length of subid is 2393
time spent : 0.00309065580368042 minutes
the redshift of snapshot 4 is 14.747175532825414
the length of subid is 212
time spent : 0.00431067943572998 minutes
the redshift of snapshot 5 is 14.269586716440614
the length of subid is 493
time spent : 0.05316085418065389 minutes
bingo! yes!
Let's start!
the redshift of snapshot 1 is 16.317981890648035
the length of subid is 13
time spent : 0.000861195723215739 minutes
the redshift of snapshot 50 is 3.0254516503041575
the length of subid is 62201447
time spent : 2.2891493956247966 minutes
the redshift of snapshot 2 is 15.742101534793463
the length of subid is 33
time spent : 0.0012706438700358072 minutes
the redshift of snapshot 52 is 2.8005873765354523
the length of subid is 67526472
time spent : 2.4806774377822878 minutes
the redshift of snapshot 7 is 13.355299352417655
the length of subid is 2393
time spent : 0.0018669486045837403 minutes
the redshift of snapshot 55 is 2.487320405934916
the length of subid is 75076919
time spent : 2.4230486154556274 minutes
the redshift of snapshot 0 is 16.871228971374325
the length of subid is 3
time spent : 0.0008576353391011556 minutes
the redshift of snapshot 51 is 2.9128274227901714
the length of subid is 64867389
time spent : 2.433868714173635 minutes
the redshift of snapshot 5 is 14.269586716440614
the length of subid is 493
time spent : 0.0020217061042785644 minutes
the redshift of snapshot 56 is 2.3887372041571235
the length of subid is 77470074
time spent : 2.5733871618906656 minutes
the redshift of snapshot 6 is 13.820114311810899
the length of subid is 1109
time spent : 0.002027229468027751 minutes
the redshift of snapshot 57 is 2.2934185772760185
the length of subid is 79792743
time spent : 2.748450255393982 minutes
the redshift of snapshot 8 is 12.918753011269796
the length of subid is 4837
time spent : 0.0015641053517659504 minutes
the redshift of snapshot 53 is 2.6946066088497647
the length of subid is 70076658
time spent : 2.7516663630803424 minutes
the redshift of snapshot 10 is 12.086642214193601
the length of subid is 17021
time spent : 0.0031023740768432615 minutes
the redshift of snapshot 60 is 2.0225460258094037
the length of subid is 86361574
time spent : 2.8894627054532367 minutes
the redshift of snapshot 4 is 14.747175532825414
the length of subid is 212
time spent : 0.0016327142715454102 minutes
the redshift of snapshot 54 is 2.58925095541156
the length of subid is 72609310
time spent : 2.7173747420310974 minutes
the redshift of snapshot 15 is 10.24519172362668
the length of subid is 204436
time spent : 0.005902000268300374 minutes
the redshift of snapshot 63 is 1.7743761868090089
the length of subid is 92302789
time spent : 3.037417920430501 minutes
the redshift of snapshot 12 is 11.318200040235363
the length of subid is 50830
time spent : 0.0065117081006368 minutes
the redshift of snapshot 64 is 1.6956482478993995
the length of subid is 94159697
time spent : 3.3210397283236186 minutes
the redshift of snapshot 11 is 11.690799260626928
the length of subid is 30230
time spent : 0.005272789796193441 minutes
the redshift of snapshot 61 is 1.937886914786529
the length of subid is 88400995
time spent : 3.32274827559789 minutes
the redshift of snapshot 13 is 10.938479941244108
the length of subid is 84382
time spent : 0.015762988726298013 minutes
the redshift of snapshot 68 is 1.405824380379498
the length of subid is 100882933
time spent : 3.4815301497777305 minutes
the redshift of snapshot 16 is 9.904223195402567
the length of subid is 309029
time spent : 0.0053340752919514975 minutes
the redshift of snapshot 62 is 1.854600416810193
the length of subid is 90391073
time spent : 3.4987935543060305 minutes
the redshift of snapshot 3 is 15.255606111106804
the length of subid is 82
time spent : 0.0021871010462443034 minutes
the redshift of snapshot 58 is 2.1992445631467485
the length of subid is 82071174
time spent : 3.007656180858612 minutes
the redshift of snapshot 9 is 12.507975295143488
the length of subid is 9058
time spent : 0.002345629533131917 minutes
the redshift of snapshot 59 is 2.1103062769647867
the length of subid is 84239694
time spent : 2.891159987449646 minutes
the redshift of snapshot 18 is 9.28077106322222
the length of subid is 633541
time spent : 0.00820177396138509 minutes
the redshift of snapshot 66 is 1.5470053602257523
the length of subid is 97637689
time spent : 3.565064851442973 minutes
the redshift of snapshot 17 is 9.583323358567519
the length of subid is 449897
time spent : 0.006969670454661052 minutes
the redshift of snapshot 65 is 1.6199012173943461
the length of subid is 95937956
time spent : 3.3467875639597575 minutes
the redshift of snapshot 14 is 10.60817231932476
the length of subid is 130001
time spent : 0.011385810375213624 minutes
the redshift of snapshot 67 is 1.4744028627603845
the length of subid is 99305920
time spent : 3.603507089614868 minutes
the redshift of snapshot 22 is 8.125465374656939
the length of subid is 2103237
time spent : 0.056866693496704104 minutes
the redshift of snapshot 71 is 1.2084805376949679
the length of subid is 105299371
time spent : 3.6564196070035297 minutes
the redshift of snapshot 20 is 8.687333038276801
the length of subid is 1198695
time spent : 0.07176386117935181 minutes
the redshift of snapshot 72 is 1.147257309901478
the length of subid is 106643185
time spent : 3.6445278962453207 minutes
the redshift of snapshot 26 is 7.09802553738869
the length of subid is 5328420
time spent : 0.294261356194814 minutes
the redshift of snapshot 77 is 0.8628338181983319
the length of subid is 112648292
time spent : 3.58332888285319 minutes
the redshift of snapshot 24 is 7.5957505455851475
the length of subid is 3453081
time spent : 0.0938612421353658 minutes
the redshift of snapshot 73 is 1.0867393013076811
the length of subid is 107949604
time spent : 3.702938413619995 minutes
the redshift of snapshot 27 is 6.870170364923613
the length of subid is 6442638
time spent : 0.25311216910680134 minutes
the redshift of snapshot 76 is 0.9160025782390955
the length of subid is 111551236
time spent : 3.631520708401998 minutes
the redshift of snapshot 19 is 8.975233770164108
the length of subid is 883973
time spent : 0.019478491942087808 minutes
the redshift of snapshot 69 is 1.3376842189745282
the length of subid is 102418974
time spent : 3.908615434169769 minutes
the redshift of snapshot 25 is 7.3394682048198625
the length of subid is 4330840
time spent : 0.1629863977432251 minutes
the redshift of snapshot 74 is 1.0279037755910467
the length of subid is 109202596
time spent : 3.7747655510902405 minutes
the redshift of snapshot 32 is 5.787881338017129
the length of subid is 14484677
time spent : 0.6803754806518555 minutes
the redshift of snapshot 82 is 0.6164273225016659
the length of subid is 117507535
time spent : 3.3693447510401406 minutes
the redshift of snapshot 23 is 7.852692709932807
the length of subid is 2725314
time spent : 0.18219350576400756 minutes
the redshift of snapshot 75 is 0.9715228663507554
the length of subid is 110395642
time spent : 3.7742632389068604 minutes
the redshift of snapshot 29 is 6.417942417399244
the length of subid is 9194939
time spent : 0.3714885433514913 minutes
the redshift of snapshot 78 is 0.8105807478723495
the length of subid is 113706503
time spent : 3.5704392830530804 minutes
the redshift of snapshot 21 is 8.398009425616598
the length of subid is 1608698
time spent : 0.029348103205362956 minutes
the redshift of snapshot 70 is 1.2722714132785513
the length of subid is 103887460
time spent : 3.688635011514028 minutes
the redshift of snapshot 28 is 6.63158006062154
the length of subid is 7783400
time spent : 0.38322914044062295 minutes
the redshift of snapshot 79 is 0.759947952283859
the length of subid is 114718575
time spent : 3.667072296142578 minutes
the redshift of snapshot 31 is 5.9953691769289215
the length of subid is 12546585
time spent : 0.5619980851809184 minutes
the redshift of snapshot 81 is 0.6628744591044402
the length of subid is 116616642
time spent : 3.650617603460948 minutes
the redshift of snapshot 30 is 6.195316092659571
the length of subid is 10846746
time spent : 0.5449302355448405 minutes
the redshift of snapshot 80 is 0.7109063393581916
the length of subid is 115684676
time spent : 3.756873949368795 minutes
the redshift of snapshot 42 is 4.071632754067143
the length of subid is 39595070
time spent : 1.3213841716448467 minutes
the redshift of snapshot 90 is 0.2890629369941624
the length of subid is 123394914
time spent : 2.991336226463318 minutes
the redshift of snapshot 36 is 5.038848875676165
the length of subid is 23430154
time spent : 0.8374910632769267 minutes
the redshift of snapshot 85 is 0.484852478260958
the length of subid is 119957885
time spent : 3.480120837688446 minutes
the redshift of snapshot 33 is 5.592347423277815
the length of subid is 16529354
time spent : 0.6852978269259135 minutes
the redshift of snapshot 83 is 0.5715226563027627
the length of subid is 118356756
time spent : 3.637169365088145 minutes
the redshift of snapshot 35 is 5.21783911654972
the length of subid is 21017026
time spent : 0.7996341943740845 minutes
the redshift of snapshot 84 is 0.5276537554558034
the length of subid is 119173900
time spent : 3.531602946917216 minutes
the redshift of snapshot 41 is 4.2242465817622055
the length of subid is 36722152
time spent : 1.4516148487726848 minutes
the redshift of snapshot 92 is 0.2182580231028184
the length of subid is 124573917
time spent : 2.9250094334284467 minutes
the redshift of snapshot 37 is 4.863039319634796
the length of subid is 25974506
time spent : 0.9110748489697774 minutes
the redshift of snapshot 87 is 0.4033199293204939
the length of subid is 121420849
time spent : 3.4319140831629436 minutes
the redshift of snapshot 39 is 4.534351371038977
the length of subid is 31220960
time spent : 1.1559044996897379 minutes
the redshift of snapshot 89 is 0.32607082377443564
the length of subid is 122765148
time spent : 3.276518702507019 minutes
the redshift of snapshot 38 is 4.6971778584445945
the length of subid is 28549779
time spent : 1.1323098381360372 minutes
the redshift of snapshot 88 is 0.3641563488272894
the length of subid is 122107454
time spent : 3.3286538243293764 minutes
the redshift of snapshot 34 is 5.3996191632883175
the length of subid is 18734725
time spent : 0.8528265714645386 minutes
the redshift of snapshot 86 is 0.4435560254631159
the length of subid is 120704599
time spent : 3.5343422253926593 minutes
the redshift of snapshot 44 is 3.787121704161428
the length of subid is 45302411
time spent : 1.6457424720128377 minutes
the redshift of snapshot 94 is 0.15139302212791472
the length of subid is 125654421
time spent : 2.8373695174853006 minutes
the redshift of snapshot 40 is 4.374829976377098
the length of subid is 33975585
time spent : 1.409728995958964 minutes
the redshift of snapshot 91 is 0.2534405105681523
the length of subid is 123993544
time spent : 3.0895413319269815 minutes
the redshift of snapshot 46 is 3.516570933842927
the length of subid is 51050979
time spent : 1.4643356800079346 minutes
the redshift of snapshot 93 is 0.18443933471187868
the length of subid is 125124026
time spent : 3.034099475542704 minutes
the redshift of snapshot 48 is 3.26410391652915
the length of subid is 56688344
time spent : 2.211842620372772 minutes
the redshift of snapshot 98 is 0.02860234256155403
the length of subid is 127554619
time spent : 2.423394580682119 minutes
the redshift of snapshot 45 is 3.6500592094003323
the length of subid is 48178755
time spent : 1.8544524272282918 minutes
the redshift of snapshot 96 is 0.08841872383071747
the length of subid is 126643696
time spent : 2.6750489195187885 minutes
the redshift of snapshot 43 is 3.9276823390813895
the length of subid is 42437806
time spent : 1.6793832540512086 minutes
the redshift of snapshot 95 is 0.11939382038781088
the length of subid is 126160316
time spent : 2.8846152146657307 minutes
the redshift of snapshot 47 is 3.3905334022466613
the length of subid is 53851183
time spent : 1.8831915974617004 minutes
the redshift of snapshot 97 is 0.05799880182878758
the length of subid is 127110052
time spent : 2.769685773054759 minutes
the redshift of snapshot 49 is 3.1447514243462287
the length of subid is 59437266
time spent : 2.234061125914256 minutes
the redshift of snapshot 99 is 1.1920930376163597e-07
the length of subid is 127979955
time spent : 2.421101971467336 minutes
bingo! yes!
